-------------------------------------------------------------------------------
Test set: edu.hanyang.BPlusTreeTest
-------------------------------------------------------------------------------
Tests run: 1, Failures: 1, Errors: 0, Skipped: 0, Time elapsed: 0.051 s <<< FAILURE! - in edu.hanyang.BPlusTreeTest
bPlusTreeTest(edu.hanyang.BPlusTreeTest)  Time elapsed: 0.009 s  <<< FAILURE!
java.lang.AssertionError: expected:<0> but was:<10>
	at edu.hanyang.BPlusTreeTest.bPlusTreeTest(BPlusTreeTest.java:58)

